<?xml version="1.0" encoding="UTF-8"?>
<testng-results ignored="0" total="1" passed="0" failed="1" skipped="0">
  <reporter-output>
  </reporter-output>
  <suite started-at="2023-09-14T10:14:09 IST" name="Default suite" finished-at="2023-09-14T10:14:09 IST" duration-ms="67">
    <groups>
    </groups>
    <test started-at="2023-09-14T10:14:09 IST" name="Default test" finished-at="2023-09-14T10:14:09 IST" duration-ms="67">
      <class name="TestNG.Empireproject">
        <test-method signature="login()[pri:0, instance:TestNG.Empireproject@6771beb3]" started-at="2023-09-14T10:14:09 IST" name="login" finished-at="2023-09-14T10:14:09 IST" duration-ms="9" status="FAIL">
          <exception class="java.lang.Error">
            <message>
              <![CDATA[Unresolved compilation problems: 
MNumber cannot be resolved to a variable
ItemTitle cannot be resolved to a variable
ItemDescription cannot be resolved to a variable
Height cannot be resolved to a variable
Width cannot be resolved to a variable
Breadth cannot be resolved to a variable
ColorName cannot be resolved to a variable
ActualPrice cannot be resolved to a variable
WebElement cannot be resolved to a type
WebElement cannot be resolved to a type
Qty cannot be resolved to a variable
Actions cannot be resolved to a type
Actions cannot be resolved to a type
WebElement cannot be resolved to a type
Robot cannot be resolved to a type
Robot cannot be resolved to a type
StringSelection cannot be resolved to a type
StringSelection cannot be resolved to a type
Toolkit cannot be resolved
KeyEvent cannot be resolved to a variable
KeyEvent cannot be resolved to a variable
KeyEvent cannot be resolved to a variable
KeyEvent cannot be resolved to a variable
KeyEvent cannot be resolved to a variable
KeyEvent cannot be resolved to a variable
]]>
            </message>
            <full-stacktrace>
              <![CDATA[java.lang.Error: Unresolved compilation problems: 
MNumber cannot be resolved to a variable
ItemTitle cannot be resolved to a variable
ItemDescription cannot be resolved to a variable
Height cannot be resolved to a variable
Width cannot be resolved to a variable
Breadth cannot be resolved to a variable
ColorName cannot be resolved to a variable
ActualPrice cannot be resolved to a variable
WebElement cannot be resolved to a type
WebElement cannot be resolved to a type
Qty cannot be resolved to a variable
Actions cannot be resolved to a type
Actions cannot be resolved to a type
WebElement cannot be resolved to a type
Robot cannot be resolved to a type
Robot cannot be resolved to a type
StringSelection cannot be resolved to a type
StringSelection cannot be resolved to a type
Toolkit cannot be resolved
KeyEvent cannot be resolved to a variable
KeyEvent cannot be resolved to a variable
KeyEvent cannot be resolved to a variable
KeyEvent cannot be resolved to a variable
KeyEvent cannot be resolved to a variable
KeyEvent cannot be resolved to a variable

at TestNG.Empireproject.login(Empireproject.java:32)
at java.base/jdk.internal.reflect.NativeMethodAccessorImpl.invoke0(Native Method)
at java.base/jdk.internal.reflect.NativeMethodAccessorImpl.invoke(NativeMethodAccessorImpl.java:77)
at java.base/jdk.internal.reflect.DelegatingMethodAccessorImpl.invoke(DelegatingMethodAccessorImpl.java:43)
at java.base/java.lang.reflect.Method.invoke(Method.java:568)
at org.testng.internal.invokers.MethodInvocationHelper.invokeMethod(MethodInvocationHelper.java:139)
at org.testng.internal.invokers.TestInvoker.invokeMethod(TestInvoker.java:664)
at org.testng.internal.invokers.TestInvoker.invokeTestMethod(TestInvoker.java:227)
at org.testng.internal.invokers.MethodRunner.runInSequence(MethodRunner.java:50)
at org.testng.internal.invokers.TestInvoker$MethodInvocationAgent.invoke(TestInvoker.java:957)
at org.testng.internal.invokers.TestInvoker.invokeTestMethods(TestInvoker.java:200)
at org.testng.internal.invokers.TestMethodWorker.invokeTestMethods(TestMethodWorker.java:148)
at org.testng.internal.invokers.TestMethodWorker.run(TestMethodWorker.java:128)
at java.base/java.util.ArrayList.forEach(ArrayList.java:1511)
at org.testng.TestRunner.privateRun(TestRunner.java:848)
at org.testng.TestRunner.run(TestRunner.java:621)
at org.testng.SuiteRunner.runTest(SuiteRunner.java:443)
at org.testng.SuiteRunner.runSequentially(SuiteRunner.java:437)
at org.testng.SuiteRunner.privateRun(SuiteRunner.java:397)
at org.testng.SuiteRunner.run(SuiteRunner.java:336)
at org.testng.SuiteRunnerWorker.runSuite(SuiteRunnerWorker.java:52)
at org.testng.SuiteRunnerWorker.run(SuiteRunnerWorker.java:95)
at org.testng.TestNG.runSuitesSequentially(TestNG.java:1280)
at org.testng.TestNG.runSuitesLocally(TestNG.java:1200)
at org.testng.TestNG.runSuites(TestNG.java:1114)
at org.testng.TestNG.run(TestNG.java:1082)
at org.testng.remote.AbstractRemoteTestNG.run(AbstractRemoteTestNG.java:115)
at org.testng.remote.RemoteTestNG.initAndRun(RemoteTestNG.java:251)
at org.testng.remote.RemoteTestNG.main(RemoteTestNG.java:77)
]]>
            </full-stacktrace>
          </exception> <!-- java.lang.Error -->
          <reporter-output>
          </reporter-output>
        </test-method> <!-- login -->
      </class> <!-- TestNG.Empireproject -->
    </test> <!-- Default test -->
  </suite> <!-- Default suite -->
</testng-results>
